<?xml version="1.0" encoding="UTF-8"?>
<testsuite name="com.example.feat006.Feat006ApplicationTests" tests="1" skipped="0" failures="0" errors="0" timestamp="2026-05-31T08:08:14" hostname="DESKTOP-C6ATJQE" time="0.507">
  <properties/>
  <testcase name="contextLoads()" classname="com.example.feat006.Feat006ApplicationTests" time="0.507"/>
  <system-out><![CDATA[17:08:10.261 [Test worker] INFO org.springframework.test.context.support.AnnotationConfigContextLoaderUtils -- Could not detect default configuration classes for test class [com.example.feat006.Feat006ApplicationTests]: Feat006ApplicationTests does not declare any static, non-private, non-final, nested classes annotated with @Configuration.
17:08:10.378 [Test worker] INFO org.springframework.boot.test.context.SpringBootTestContextBootstrapper -- Found @SpringBootConfiguration com.example.feat006.Feat006Application for test class com.example.feat006.Feat006ApplicationTests

  .   ____          _            __ _ _
 /\\ / ___'_ __ _ _(_)_ __  __ _ \ \ \ \
( ( )\___ | '_ | '_| | '_ \/ _` | \ \ \ \
 \\/  ___)| |_)| | | | | || (_| |  ) ) ) )
  '  |____| .__|_| |_|_| |_\__, | / / / /
 =========|_|==============|___/=/_/_/_/
 :: Spring Boot ::                (v3.2.4)

2026-05-31T17:08:10.797+09:00  INFO 51500 --- [    Test worker] c.e.feat006.Feat006ApplicationTests      : Starting Feat006ApplicationTests using Java 21.0.10 with PID 51500 (started by 건희정 in C:\Users\rjsgm\Desktop\repo-jgh\feat006)
2026-05-31T17:08:10.798+09:00  INFO 51500 --- [    Test worker] c.e.feat006.Feat006ApplicationTests      : No active profile set, falling back to 1 default profile: "default"
2026-05-31T17:08:11.458+09:00  INFO 51500 --- [    Test worker] .s.d.r.c.RepositoryConfigurationDelegate : Bootstrapping Spring Data JPA repositories in DEFAULT mode.
2026-05-31T17:08:11.524+09:00  INFO 51500 --- [    Test worker] .s.d.r.c.RepositoryConfigurationDelegate : Finished Spring Data repository scanning in 57 ms. Found 4 JPA repository interfaces.
2026-05-31T17:08:11.994+09:00  INFO 51500 --- [    Test worker] o.hibernate.jpa.internal.util.LogHelper  : HHH000204: Processing PersistenceUnitInfo [name: default]
2026-05-31T17:08:12.080+09:00  INFO 51500 --- [    Test worker] org.hibernate.Version                    : HHH000412: Hibernate ORM core version 6.4.4.Final
2026-05-31T17:08:12.129+09:00  INFO 51500 --- [    Test worker] o.h.c.internal.RegionFactoryInitiator    : HHH000026: Second-level cache disabled
2026-05-31T17:08:12.441+09:00  INFO 51500 --- [    Test worker] o.s.o.j.p.SpringPersistenceUnitInfo      : No LoadTimeWeaver setup: ignoring JPA class transformer
2026-05-31T17:08:12.479+09:00  INFO 51500 --- [    Test worker] com.zaxxer.hikari.HikariDataSource       : HikariPool-1 - Starting...
2026-05-31T17:08:12.719+09:00  INFO 51500 --- [    Test worker] com.zaxxer.hikari.pool.HikariPool        : HikariPool-1 - Added connection conn0: url=jdbc:h2:mem:testdb user=SA
2026-05-31T17:08:12.721+09:00  INFO 51500 --- [    Test worker] com.zaxxer.hikari.HikariDataSource       : HikariPool-1 - Start completed.
2026-05-31T17:08:12.749+09:00  WARN 51500 --- [    Test worker] org.hibernate.orm.deprecation            : HHH90000025: H2Dialect does not need to be specified explicitly using 'hibernate.dialect' (remove the property setting and it will be selected by default)
2026-05-31T17:08:13.691+09:00  INFO 51500 --- [    Test worker] o.h.e.t.j.p.i.JtaPlatformInitiator       : HHH000489: No JTA platform available (set 'hibernate.transaction.jta.platform' to enable JTA platform integration)
Hibernate: drop table if exists batch_data cascade 
Hibernate: drop table if exists orders cascade 
Hibernate: drop table if exists outbox cascade 
Hibernate: drop table if exists processed_messages cascade 
Hibernate: create table batch_data (is_sent boolean, created_at timestamp(6), id bigint generated by default as identity, content varchar(255), primary key (id))
Hibernate: create table orders (created_at timestamp(6), id bigint generated by default as identity, product_name varchar(255), status varchar(255), primary key (id))
Hibernate: create table outbox (fail_count integer not null, id bigint generated by default as identity, occurred_at timestamp(6), processed_at timestamp(6), message_id varchar(255), message_type varchar(255), payload TEXT, status varchar(255), primary key (id))
Hibernate: create table processed_messages (id bigint generated by default as identity, processed_at timestamp(6), message_id varchar(255) unique, primary key (id))
2026-05-31T17:08:13.736+09:00  INFO 51500 --- [    Test worker] j.LocalContainerEntityManagerFactoryBean : Initialized JPA EntityManagerFactory for persistence unit 'default'
2026-05-31T17:08:14.338+09:00  WARN 51500 --- [    Test worker] JpaBaseConfiguration$JpaWebConfiguration : spring.jpa.open-in-view is enabled by default. Therefore, database queries may be performed during view rendering. Explicitly configure spring.jpa.open-in-view to disable this warning
2026-05-31T17:08:14.741+09:00  INFO 51500 --- [    Test worker] c.e.feat006.Feat006ApplicationTests      : Started Feat006ApplicationTests in 4.182 seconds (process running for 5.437)
]]></system-out>
  <system-err><![CDATA[WARNING: A Java agent has been loaded dynamically (C:\Users\rjsgm\.gradle\caches\modules-2\files-2.1\net.bytebuddy\byte-buddy-agent\1.14.12\be4984cb6fd1ef1d11f218a648889dfda44b8a15\byte-buddy-agent-1.14.12.jar)
WARNING: If a serviceability tool is in use, please run with -XX:+EnableDynamicAgentLoading to hide this warning
WARNING: If a serviceability tool is not in use, please run with -Djdk.instrument.traceUsage for more information
WARNING: Dynamic loading of agents will be disallowed by default in a future release
]]></system-err>
</testsuite>
